[Tue May 19 03:40:01 AM UTC 2026] --- เริ่มต้นการทำงาน Auto Sync ---
[Tue May 19 03:40:02 AM UTC 2026] พบไฟล์ที่มีการแก้ไข! กำลังเตรียมอัปโหลด...
[main 635d775] Auto-commit from Lenovo machine [2026-05-19 03:40:02]
 1 file changed, 2 insertions(+)
 create mode 100644 git-sync.log
[Tue May 19 03:40:02 AM UTC 2026] กำลัง Pull โค้ดล่าสุดจาก GitHub...
error: cannot pull with rebase: You have unstaged changes.
error: Please commit or stash them.
[Tue May 19 03:40:02 AM UTC 2026] กำลัง Push โค้ดขึ้น GitHub...
To https://github.com/NutMontree/ktltc.git
   7ebf4ad..635d775  main -> main
[Tue May 19 03:40:04 AM UTC 2026] ✔ อัปโหลดข้อมูลและเชื่อมต่อ GitHub สำเร็จ!
[Tue May 19 03:40:04 AM UTC 2026] --- สิ้นสุดการทำงาน Auto Sync ---
[Tue May 19 03:42:01 AM UTC 2026] --- เริ่มต้นการทำงาน Auto Sync ---
[Tue May 19 03:42:01 AM UTC 2026] พบไฟล์ที่มีการแก้ไข! กำลังเตรียมอัปโหลด...
[main f5acbfc] Auto-commit from Lenovo machine [2026-05-19 03:42:01]
 1 file changed, 13 insertions(+)
[Tue May 19 03:42:01 AM UTC 2026] กำลัง Pull โค้ดล่าสุดจาก GitHub...
error: cannot pull with rebase: You have unstaged changes.
error: Please commit or stash them.
[Tue May 19 03:42:01 AM UTC 2026] กำลัง Push โค้ดขึ้น GitHub...
To https://github.com/NutMontree/ktltc.git
   635d775..f5acbfc  main -> main
[Tue May 19 03:42:03 AM UTC 2026] ✔ อัปโหลดข้อมูลและเชื่อมต่อ GitHub สำเร็จ!
[Tue May 19 03:42:03 AM UTC 2026] --- สิ้นสุดการทำงาน Auto Sync ---
[Tue May 19 03:44:01 AM UTC 2026] --- เริ่มต้นการทำงาน Auto Sync ---
[Tue May 19 03:44:02 AM UTC 2026] พบไฟล์ที่มีการแก้ไข! กำลังเตรียมอัปโหลด...
[main 7c7b44a] Auto-commit from Lenovo machine [2026-05-19 03:44:02]
 1 file changed, 12 insertions(+)
[Tue May 19 03:44:02 AM UTC 2026] กำลัง Pull โค้ดล่าสุดจาก GitHub...
error: cannot pull with rebase: You have unstaged changes.
error: Please commit or stash them.
[Tue May 19 03:44:02 AM UTC 2026] กำลัง Push โค้ดขึ้น GitHub...
To https://github.com/NutMontree/ktltc.git
   f5acbfc..7c7b44a  main -> main
[Tue May 19 03:44:04 AM UTC 2026] ✔ อัปโหลดข้อมูลและเชื่อมต่อ GitHub สำเร็จ!
[Tue May 19 03:44:04 AM UTC 2026] --- สิ้นสุดการทำงาน Auto Sync ---
[Tue May 19 03:46:01 AM UTC 2026] --- เริ่มต้นการทำงาน Auto Sync ---
[Tue May 19 03:46:02 AM UTC 2026] พบไฟล์ที่มีการแก้ไข! กำลังเตรียมอัปโหลด...
